<?xml version="1.0" encoding="UTF-8"?>
<!-- Generated by org.testng.reporters.JUnitReportReporter -->
<testsuite hostname="vin" failures="0" tests="1" name="extentreport.LoginTestReport" time="0.937" errors="0" timestamp="2022-09-27T11:43:30 IST" skipped="0">
  <testcase classname="extentreport.LoginTestReport" name="loginTest" time="0.937"/>
  <system-out/>
</testsuite> <!-- extentreport.LoginTestReport -->
