<?xml version="1.0" encoding="UTF-8"?>
<!-- Generated by org.testng.reporters.JUnitReportReporter -->
<testsuite hostname="vin" failures="0" tests="1" name="com.nopcommerce.testCases.TC_AddCustomer_003" time="24.170" errors="0" timestamp="2022-10-14T12:28:21 IST" skipped="0">
  <testcase classname="com.nopcommerce.testCases.TC_AddCustomer_003" name="addNewCustomer" time="24.170"/>
  <system-out/>
</testsuite> <!-- com.nopcommerce.testCases.TC_AddCustomer_003 -->
