<?xml version="1.0" encoding="UTF-8"?>
<!-- Generated by org.testng.reporters.JUnitReportReporter -->
<testsuite hostname="vin" failures="0" tests="1" name="com.nopcommerce.testCases.TC_AddCustomer_003" time="12.635" errors="0" timestamp="2022-11-08T17:44:15 IST" skipped="0">
  <testcase classname="com.nopcommerce.testCases.TC_AddCustomer_003" name="addNewCustomer" time="12.635"/>
  <system-out/>
</testsuite> <!-- com.nopcommerce.testCases.TC_AddCustomer_003 -->
