<?xml version="1.0" encoding="UTF-8"?>
<!-- Generated by org.testng.reporters.JUnitReportReporter -->
<testsuite hostname="vin" failures="0" tests="1" name="com.nopcommerce.testCases.TC_LoginTest_001" time="13.118" errors="0" timestamp="2022-11-08T17:44:15 IST" skipped="0">
  <testcase classname="com.nopcommerce.testCases.TC_LoginTest_001" name="loginTest" time="13.118"/>
  <system-out/>
</testsuite> <!-- com.nopcommerce.testCases.TC_LoginTest_001 -->
